app/build/intermediates/manifest_merge_blame_file/debug/manifest-merger-blame-debug-report.txt
1<?xml version="1.0" encoding="utf-8"?>
2<manifest xmlns:android="http://schemas.android.com/apk/res/android"
3    package="com.example.stremiompvplayer"
4    android:versionCode="1"
5    android:versionName="1.0" >
6
7    <uses-sdk
8        android:minSdkVersion="24"
9        android:targetSdkVersion="34" />
10
11    <uses-permission android:name="android.permission.INTERNET" />
11-->src/main/AndroidManifest.xml:5:5-67
11-->src/main/AndroidManifest.xml:5:22-64
12    <uses-permission android:name="android.permission.ACCESS_NETWORK_STATE" />
12-->src/main/AndroidManifest.xml:6:5-79
12-->src/main/AndroidManifest.xml:6:22-76
13    <uses-permission android:name="android.permission.WAKE_LOCK" />
13-->src/main/AndroidManifest.xml:7:5-68
13-->src/main/AndroidManifest.xml:7:22-65
14
15    <!-- Android TV requirements -->
16    <uses-feature
16-->src/main/AndroidManifest.xml:10:5-12:36
17        android:name="android.hardware.touchscreen"
17-->src/main/AndroidManifest.xml:11:9-52
18        android:required="false" />
18-->src/main/AndroidManifest.xml:12:9-33
19    <uses-feature
19-->src/main/AndroidManifest.xml:13:5-15:35
20        android:name="android.software.leanback"
20-->src/main/AndroidManifest.xml:14:9-49
21        android:required="true" />
21-->src/main/AndroidManifest.xml:15:9-32
22
23    <uses-permission android:name="com.android.providers.tv.permission.WRITE_EPG_DATA" />
23-->[androidx.tvprovider:tvprovider:1.0.0] AndroidManifest.xml:22:5-90
23-->[androidx.tvprovider:tvprovider:1.0.0] AndroidManifest.xml:22:22-87
24    <uses-permission android:name="com.android.providers.tv.permission.READ_EPG_DATA" />
24-->[androidx.tvprovider:tvprovider:1.0.0] AndroidManifest.xml:23:5-89
24-->[androidx.tvprovider:tvprovider:1.0.0] AndroidManifest.xml:23:22-86
25
26    <permission
26-->[androidx.core:core:1.12.0] AndroidManifest.xml:22:5-24:47
27        android:name="com.example.stremiompvplayer.DYNAMIC_RECEIVER_NOT_EXPORTED_PERMISSION"
27-->[androidx.core:core:1.12.0] AndroidManifest.xml:23:9-81
28        android:protectionLevel="signature" />
28-->[androidx.core:core:1.12.0] AndroidManifest.xml:24:9-44
29
30    <uses-permission android:name="com.example.stremiompvplayer.DYNAMIC_RECEIVER_NOT_EXPORTED_PERMISSION" />
30-->[androidx.core:core:1.12.0] AndroidManifest.xml:26:5-97
30-->[androidx.core:core:1.12.0] AndroidManifest.xml:26:22-94
31
32    <application
32-->src/main/AndroidManifest.xml:17:5-70:19
33        android:allowBackup="true"
33-->src/main/AndroidManifest.xml:18:9-35
34        android:appComponentFactory="androidx.core.app.CoreComponentFactory"
34-->[androidx.core:core:1.12.0] AndroidManifest.xml:28:18-86
35        android:banner="@mipmap/ic_launcher"
35-->src/main/AndroidManifest.xml:21:9-45
36        android:debuggable="true"
37        android:extractNativeLibs="false"
38        android:icon="@mipmap/ic_launcher"
38-->src/main/AndroidManifest.xml:19:9-43
39        android:label="@string/app_name"
39-->src/main/AndroidManifest.xml:20:9-41
40        android:roundIcon="@mipmap/ic_launcher_round"
40-->src/main/AndroidManifest.xml:22:9-54
41        android:supportsRtl="true"
41-->src/main/AndroidManifest.xml:23:9-35
42        android:theme="@style/Theme.StremioMPVPlayer.Leanback"
42-->src/main/AndroidManifest.xml:24:9-63
43        android:usesCleartextTraffic="true" >
43-->src/main/AndroidManifest.xml:25:9-44
44
45        <!-- Test Activity - TEMPORARY Entry Point -->
46        <activity
46-->src/main/AndroidManifest.xml:29:9-39:20
47            android:name="com.example.stremiompvplayer.TestActivity"
47-->src/main/AndroidManifest.xml:30:13-41
48            android:exported="true"
48-->src/main/AndroidManifest.xml:31:13-36
49            android:screenOrientation="landscape"
49-->src/main/AndroidManifest.xml:32:13-50
50            android:theme="@style/Theme.StremioMPVPlayer" >
50-->src/main/AndroidManifest.xml:33:13-58
51            <intent-filter>
51-->src/main/AndroidManifest.xml:34:13-38:29
52                <action android:name="android.intent.action.MAIN" />
52-->src/main/AndroidManifest.xml:35:17-69
52-->src/main/AndroidManifest.xml:35:25-66
53
54                <category android:name="android.intent.category.LAUNCHER" />
54-->src/main/AndroidManifest.xml:36:17-77
54-->src/main/AndroidManifest.xml:36:27-74
55                <category android:name="android.intent.category.LEANBACK_LAUNCHER" />
55-->src/main/AndroidManifest.xml:37:17-86
55-->src/main/AndroidManifest.xml:37:27-83
56            </intent-filter>
57        </activity>
58
59        <!-- Main Activity -->
60        <activity
60-->src/main/AndroidManifest.xml:42:9-46:61
61            android:name="com.example.stremiompvplayer.MainActivity"
61-->src/main/AndroidManifest.xml:43:13-41
62            android:exported="false"
62-->src/main/AndroidManifest.xml:44:13-37
63            android:screenOrientation="landscape"
63-->src/main/AndroidManifest.xml:45:13-50
64            android:theme="@style/Theme.StremioMPVPlayer" />
64-->src/main/AndroidManifest.xml:46:13-58
65
66        <!-- User Selection Activity -->
67        <activity
67-->src/main/AndroidManifest.xml:49:9-53:61
68            android:name="com.example.stremiompvplayer.UserSelectionActivity"
68-->src/main/AndroidManifest.xml:50:13-50
69            android:exported="false"
69-->src/main/AndroidManifest.xml:51:13-37
70            android:screenOrientation="landscape"
70-->src/main/AndroidManifest.xml:52:13-50
71            android:theme="@style/Theme.StremioMPVPlayer" />
71-->src/main/AndroidManifest.xml:53:13-58
72
73        <!-- Settings Activity -->
74        <activity
74-->src/main/AndroidManifest.xml:56:9-60:61
75            android:name="com.example.stremiompvplayer.SettingsActivity"
75-->src/main/AndroidManifest.xml:57:13-45
76            android:exported="false"
76-->src/main/AndroidManifest.xml:58:13-37
77            android:screenOrientation="landscape"
77-->src/main/AndroidManifest.xml:59:13-50
78            android:theme="@style/Theme.StremioMPVPlayer" />
78-->src/main/AndroidManifest.xml:60:13-58
79
80        <!-- Player Activity -->
81        <activity
81-->src/main/AndroidManifest.xml:63:9-68:72
82            android:name="com.example.stremiompvplayer.PlayerActivity"
82-->src/main/AndroidManifest.xml:64:13-43
83            android:configChanges="orientation|screenSize|keyboardHidden"
83-->src/main/AndroidManifest.xml:66:13-74
84            android:exported="false"
84-->src/main/AndroidManifest.xml:65:13-37
85            android:screenOrientation="landscape"
85-->src/main/AndroidManifest.xml:67:13-50
86            android:theme="@style/Theme.StremioMPVPlayer.Fullscreen" />
86-->src/main/AndroidManifest.xml:68:13-69
87
88        <provider
88-->[androidx.emoji2:emoji2:1.2.0] AndroidManifest.xml:24:9-32:20
89            android:name="androidx.startup.InitializationProvider"
89-->[androidx.emoji2:emoji2:1.2.0] AndroidManifest.xml:25:13-67
90            android:authorities="com.example.stremiompvplayer.androidx-startup"
90-->[androidx.emoji2:emoji2:1.2.0] AndroidManifest.xml:26:13-68
91            android:exported="false" >
91-->[androidx.emoji2:emoji2:1.2.0] AndroidManifest.xml:27:13-37
92            <meta-data
92-->[androidx.emoji2:emoji2:1.2.0] AndroidManifest.xml:29:13-31:52
93                android:name="androidx.emoji2.text.EmojiCompatInitializer"
93-->[androidx.emoji2:emoji2:1.2.0] AndroidManifest.xml:30:17-75
94                android:value="androidx.startup" />
94-->[androidx.emoji2:emoji2:1.2.0] AndroidManifest.xml:31:17-49
95            <meta-data
95-->[androidx.lifecycle:lifecycle-process:2.7.0] AndroidManifest.xml:29:13-31:52
96                android:name="androidx.lifecycle.ProcessLifecycleInitializer"
96-->[androidx.lifecycle:lifecycle-process:2.7.0] AndroidManifest.xml:30:17-78
97                android:value="androidx.startup" />
97-->[androidx.lifecycle:lifecycle-process:2.7.0] AndroidManifest.xml:31:17-49
98            <meta-data
98-->[androidx.profileinstaller:profileinstaller:1.3.1] AndroidManifest.xml:29:13-31:52
99                android:name="androidx.profileinstaller.ProfileInstallerInitializer"
99-->[androidx.profileinstaller:profileinstaller:1.3.1] AndroidManifest.xml:30:17-85
100                android:value="androidx.startup" />
100-->[androidx.profileinstaller:profileinstaller:1.3.1] AndroidManifest.xml:31:17-49
101        </provider>
102
103        <receiver
103-->[androidx.profileinstaller:profileinstaller:1.3.1] AndroidManifest.xml:34:9-52:20
104            android:name="androidx.profileinstaller.ProfileInstallReceiver"
104-->[androidx.profileinstaller:profileinstaller:1.3.1] AndroidManifest.xml:35:13-76
105            android:directBootAware="false"
105-->[androidx.profileinstaller:profileinstaller:1.3.1] AndroidManifest.xml:36:13-44
106            android:enabled="true"
106-->[androidx.profileinstaller:profileinstaller:1.3.1] AndroidManifest.xml:37:13-35
107            android:exported="true"
107-->[androidx.profileinstaller:profileinstaller:1.3.1] AndroidManifest.xml:38:13-36
108            android:permission="android.permission.DUMP" >
108-->[androidx.profileinstaller:profileinstaller:1.3.1] AndroidManifest.xml:39:13-57
109            <intent-filter>
109-->[androidx.profileinstaller:profileinstaller:1.3.1] AndroidManifest.xml:40:13-42:29
110                <action android:name="androidx.profileinstaller.action.INSTALL_PROFILE" />
110-->[androidx.profileinstaller:profileinstaller:1.3.1] AndroidManifest.xml:41:17-91
110-->[androidx.profileinstaller:profileinstaller:1.3.1] AndroidManifest.xml:41:25-88
111            </intent-filter>
112            <intent-filter>
112-->[androidx.profileinstaller:profileinstaller:1.3.1] AndroidManifest.xml:43:13-45:29
113                <action android:name="androidx.profileinstaller.action.SKIP_FILE" />
113-->[androidx.profileinstaller:profileinstaller:1.3.1] AndroidManifest.xml:44:17-85
113-->[androidx.profileinstaller:profileinstaller:1.3.1] AndroidManifest.xml:44:25-82
114            </intent-filter>
115            <intent-filter>
115-->[androidx.profileinstaller:profileinstaller:1.3.1] AndroidManifest.xml:46:13-48:29
116                <action android:name="androidx.profileinstaller.action.SAVE_PROFILE" />
116-->[androidx.profileinstaller:profileinstaller:1.3.1] AndroidManifest.xml:47:17-88
116-->[androidx.profileinstaller:profileinstaller:1.3.1] AndroidManifest.xml:47:25-85
117            </intent-filter>
118            <intent-filter>
118-->[androidx.profileinstaller:profileinstaller:1.3.1] AndroidManifest.xml:49:13-51:29
119                <action android:name="androidx.profileinstaller.action.BENCHMARK_OPERATION" />
119-->[androidx.profileinstaller:profileinstaller:1.3.1] AndroidManifest.xml:50:17-95
119-->[androidx.profileinstaller:profileinstaller:1.3.1] AndroidManifest.xml:50:25-92
120            </intent-filter>
121        </receiver>
122    </application>
123
124</manifest>